[2025-04-19T16:13:03.253Z] INFO: Starting address dimension load
[2025-04-19T16:13:03.253Z] INFO: No checkpoint found, starting fresh load
[2025-04-19T16:13:03.254Z] INFO: Total addresses to process: 4475, starting from offset: 0
[2025-04-19T16:13:03.261Z] INFO: Processing batch of 1000 addresses starting at offset 0
[2025-04-19T16:13:03.265Z] ERROR: Unhandled error during load process - відношення "property_location" не існує
[2025-04-19T16:18:20.997Z] INFO: Starting address dimension load
[2025-04-19T16:18:20.997Z] INFO: No checkpoint found, starting fresh load
[2025-04-19T16:18:20.999Z] INFO: Total addresses to process: 4475, starting from offset: 0
[2025-04-19T16:18:21.004Z] INFO: Processing batch of 1000 addresses starting at offset 0
[2025-04-19T16:18:21.013Z] ERROR: Unhandled error during load process - відношення "property_location" не існує
[2025-04-19T16:24:38.808Z] INFO: Starting address dimension load
[2025-04-19T16:24:38.808Z] INFO: No checkpoint found, starting fresh load
[2025-04-19T16:24:38.810Z] INFO: Total addresses to process: 4475, starting from offset: 0
[2025-04-19T16:24:38.819Z] INFO: Processing batch of 1000 addresses starting at offset 0
[2025-04-19T16:24:39.122Z] INFO: Inserted 1000 records into dim_address
[2025-04-19T16:24:39.126Z] INFO: Processing batch of 1000 addresses starting at offset 1000
[2025-04-19T16:24:39.465Z] INFO: Inserted 1000 records into dim_address
[2025-04-19T16:24:39.469Z] INFO: Processing batch of 1000 addresses starting at offset 2000
[2025-04-19T16:24:39.789Z] INFO: Inserted 1000 records into dim_address
[2025-04-19T16:24:39.792Z] INFO: Processing batch of 1000 addresses starting at offset 3000
[2025-04-19T16:24:40.105Z] INFO: Inserted 1000 records into dim_address
[2025-04-19T16:24:40.109Z] INFO: Processing batch of 475 addresses starting at offset 4000
[2025-04-19T16:24:40.252Z] INFO: Inserted 475 records into dim_address
[2025-04-19T16:24:40.253Z] INFO: Completed processing 4475 addresses
[2025-04-19T16:24:40.253Z] INFO: Completed successfully
